ORIGIN
scores ['content', 'pronunciation', 'vocabulary']
content {'rmse': 1.3657432255646431, 'mcrmse': 1.5513696714103102, 'pearson': 0.5788286113364721, 'within_0.5': 30.136955636122792, 'within_1': 74.08459995571157, 'mcwithin_0.5': 23.807375131195457, 'mcwithin_1': 64.75879629296145}
rmse             1.365743
mcrmse           1.551370
pearson          0.578829
within_0.5      30.136956
within_1        74.084600
mcwithin_0.5    23.807375
mcwithin_1      64.758796
dtype: float64
pronunciation {'rmse': 1.2928256179735946, 'mcrmse': 1.4628387155522693, 'pearson': 0.6134507426405835, 'within_0.5': 30.599728352367705, 'within_1': 76.42608142132852, 'mcwithin_0.5': 24.451320754875557, 'mcwithin_1': 67.17394181738713}
rmse             1.292826
mcrmse           1.462839
pearson          0.613451
within_0.5      30.599728
within_1        76.426081
mcwithin_0.5    24.451321
mcwithin_1      67.173942
dtype: float64
vocabulary {'rmse': 1.3240710368190864, 'mcrmse': 1.4909907724013527, 'pearson': 0.5924395624964233, 'within_0.5': 29.956748538513985, 'within_1': 75.01211057740002, 'mcwithin_0.5': 24.214800841129907, 'mcwithin_1': 65.92247288348224}
rmse             1.324071
mcrmse           1.490991
pearson          0.592440
within_0.5      29.956749
within_1        75.012111
mcwithin_0.5    24.214801
mcwithin_1      65.922473
dtype: float64

CEFR
content {'rmse': 0.777229118076443, 'mcrmse': 0.9846218642868962, 'pearson': 0.5233331157943936, 'within_0.5': 52.272133003364445, 'within_1': 95.91089416301156, 'mcwithin_0.5': 34.48653229555191, 'mcwithin_1': 86.8568982474865}
rmse             0.777229
mcrmse           0.984622
pearson          0.523333
within_0.5      52.272133
within_1        95.910894
mcwithin_0.5    34.486532
mcwithin_1      86.856898
dtype: float64
pronunciation {'rmse': 0.7493203264495838, 'mcrmse': 0.9319984554736584, 'pearson': 0.5429884392063504, 'within_0.5': 53.087886207944194, 'within_1': 96.96767365648502, 'mcwithin_0.5': 33.92008306818293, 'mcwithin_1': 90.85369768164051}
rmse             0.749320
mcrmse           0.931998
pearson          0.542988
within_0.5      53.087886
within_1        96.967674
mcwithin_0.5    33.920083
mcwithin_1      90.853698
dtype: float64
vocabulary {'rmse': 0.7634963646011178, 'mcrmse': 0.9392996149228876, 'pearson': 0.5307962637263154, 'within_0.5': 52.063121840392384, 'within_1': 96.54702527252658, 'mcwithin_0.5': 34.86445891808122, 'mcwithin_1': 89.89125073149577}
rmse             0.763496
mcrmse           0.939300
pearson          0.530796
within_0.5      52.063122
within_1        96.547025
mcwithin_0.5    34.864459
mcwithin_1      89.891251
dtype: float64
