ORIGIN
scores ['content', 'pronunciation', 'vocabulary']
content {'rmse': 1.1685443151386068, 'mcrmse': 1.3401816914181413, 'pearson': 0.6779348702049918, 'within_0.5': 34.36429726799268, 'within_1': 81.22517878620903, 'mcwithin_0.5': 25.200392873906942, 'mcwithin_1': 71.04905079078175}
rmse             1.168544
mcrmse           1.340182
pearson          0.677935
within_0.5      34.364297
within_1        81.225179
mcwithin_0.5    25.200393
mcwithin_1      71.049051
dtype: float64
pronunciation {'rmse': 1.1273261861942219, 'mcrmse': 1.3184255821900852, 'pearson': 0.6885041866567223, 'within_0.5': 35.4275404824117, 'within_1': 82.71566623414328, 'mcwithin_0.5': 25.888420063715394, 'mcwithin_1': 70.72618618655639}
rmse             1.127326
mcrmse           1.318426
pearson          0.688504
within_0.5      35.427540
within_1        82.715666
mcwithin_0.5    25.888420
mcwithin_1      70.726186
dtype: float64
vocabulary {'rmse': 1.1600257549872213, 'mcrmse': 1.346361729421035, 'pearson': 0.6700353243163337, 'within_0.5': 34.036183840215195, 'within_1': 82.50122350794244, 'mcwithin_0.5': 25.47072385370368, 'mcwithin_1': 70.73038798137614}
rmse             1.160026
mcrmse           1.346362
pearson          0.670035
within_0.5      34.036184
within_1        82.501224
mcwithin_0.5    25.470724
mcwithin_1      70.730388
dtype: float64

CEFR
content {'rmse': 0.6948236273035806, 'mcrmse': 0.8814562815170066, 'pearson': 0.6077227266572337, 'within_0.5': 57.37424530593624, 'within_1': 98.0912742850033, 'mcwithin_0.5': 36.97569672914942, 'mcwithin_1': 92.09828035562052}
rmse             0.694824
mcrmse           0.881456
pearson          0.607723
within_0.5      57.374245
within_1        98.091274
mcwithin_0.5    36.975697
mcwithin_1      92.098280
dtype: float64
pronunciation {'rmse': 0.6816859600225571, 'mcrmse': 0.8695585618380619, 'pearson': 0.6106328733706021, 'within_0.5': 57.90392055789593, 'within_1': 98.51680027491899, 'mcwithin_0.5': 36.42017800492835, 'mcwithin_1': 92.90397306397307}
rmse             0.681686
mcrmse           0.869559
pearson          0.610633
within_0.5      57.903921
within_1        98.516800
mcwithin_0.5    36.420178
mcwithin_1      92.903973
dtype: float64
vocabulary {'rmse': 0.6998443671004997, 'mcrmse': 0.886760670608806, 'pearson': 0.5892426548442048, 'within_0.5': 57.68107621299111, 'within_1': 97.77492786339373, 'mcwithin_0.5': 37.81884449437359, 'mcwithin_1': 91.01580419580421}
rmse             0.699844
mcrmse           0.886761
pearson          0.589243
within_0.5      57.681076
within_1        97.774928
mcwithin_0.5    37.818844
mcwithin_1      91.015804
dtype: float64
