ORIGIN
scores ['content', 'pronunciation', 'vocabulary']
content {'rmse': 1.1857691666957404, 'mcrmse': 1.3509316300021121, 'pearson': 0.7184129826286888, 'within_0.5': 34.499464518237986, 'within_1': 80.89533212812312, 'mcwithin_0.5': 24.585487785499815, 'mcwithin_1': 70.78412911430945}
rmse             1.185769
mcrmse           1.350932
pearson          0.718413
within_0.5      34.499465
within_1        80.895332
mcwithin_0.5    24.585488
mcwithin_1      70.784129
dtype: float64
pronunciation {'rmse': 1.0763343352212689, 'mcrmse': 1.2591313552994765, 'pearson': 0.7459988124057444, 'within_0.5': 37.2671467039427, 'within_1': 85.25088479406378, 'mcwithin_0.5': 26.423854375946995, 'mcwithin_1': 73.84162568592315}
rmse             1.076334
mcrmse           1.259131
pearson          0.745999
within_0.5      37.267147
within_1        85.250885
mcwithin_0.5    26.423854
mcwithin_1      73.841626
dtype: float64
vocabulary {'rmse': 1.1150827103338044, 'mcrmse': 1.286535516310093, 'pearson': 0.7334998003568436, 'within_0.5': 35.88188036873894, 'within_1': 84.18534230799564, 'mcwithin_0.5': 25.870716308440272, 'mcwithin_1': 73.14903811579276}
rmse             1.115083
mcrmse           1.286536
pearson          0.733500
within_0.5      35.881880
within_1        84.185342
mcwithin_0.5    25.870716
mcwithin_1      73.149038
dtype: float64

CEFR
content {'rmse': 0.7149423287849344, 'mcrmse': 0.9060826278240849, 'pearson': 0.622680497220545, 'within_0.5': 56.36728149243794, 'within_1': 97.45467067119134, 'mcwithin_0.5': 35.03570057360131, 'mcwithin_1': 90.71057369144134}
rmse             0.714942
mcrmse           0.906083
pearson          0.622680
within_0.5      56.367281
within_1        97.454671
mcwithin_0.5    35.035701
mcwithin_1      90.710574
dtype: float64
pronunciation {'rmse': 0.6555239157067339, 'mcrmse': 0.8524111339586805, 'pearson': 0.6540628913342263, 'within_0.5': 61.04651617793044, 'within_1': 98.62264398559768, 'mcwithin_0.5': 37.60527409846181, 'mcwithin_1': 93.18412698412699}
rmse             0.655524
mcrmse           0.852411
pearson          0.654063
within_0.5      61.046516
within_1        98.622644
mcwithin_0.5    37.605274
mcwithin_1      93.184127
dtype: float64
vocabulary {'rmse': 0.6662298973873974, 'mcrmse': 0.8679089166386038, 'pearson': 0.6423732651824123, 'within_0.5': 60.507241796353185, 'within_1': 98.30405190229972, 'mcwithin_0.5': 36.95040092865304, 'mcwithin_1': 92.3976885312555}
rmse             0.666230
mcrmse           0.867909
pearson          0.642373
within_0.5      60.507242
within_1        98.304052
mcwithin_0.5    36.950401
mcwithin_1      92.397689
dtype: float64
