ORIGIN
scores ['fluency']
fluency
fold 1 rmse 0.9258200997725514
fold 1 mcrmse 1.0769306986888745
fold 1 pearson 0.6888937969030139
fold 1 within_0.5 49.835796387520524
fold 1 within_1 89.65517241379311
fold 1 mcwithin_0.5 37.493812398745185
fold 1 mcwithin_1 79.26929439947102

fold 2 rmse 0.9244889414999322
fold 2 mcrmse 1.0701912840009042
fold 2 pearson 0.6896338323629436
fold 2 within_0.5 49.42528735632184
fold 2 within_1 89.73727422003283
fold 2 mcwithin_0.5 37.037923534673
fold 2 mcwithin_1 79.67002088803386

fold 3 rmse 0.9209297793298282
fold 3 mcrmse 1.0677049775874285
fold 3 pearson 0.6928548125964916
fold 3 within_0.5 49.835796387520524
fold 3 within_1 89.81937602627258
fold 3 mcwithin_0.5 37.576174618634056
fold 3 mcwithin_1 79.87339216283371

fold 4 rmse 0.9178041904566052
fold 4 mcrmse 1.0650874632472722
fold 4 pearson 0.695504000464133
fold 4 within_0.5 50.08210180623974
fold 4 within_1 90.06568144499178
fold 4 mcwithin_0.5 37.17723417005393
fold 4 mcwithin_1 80.65767010637659

fold 5 rmse 0.9186983009369829
fold 5 mcrmse 1.0587331836965288
fold 5 pearson 0.6953116873717399
fold 5 within_0.5 49.589490968801314
fold 5 within_1 89.90147783251231
fold 5 mcwithin_0.5 37.70483731292791
fold 5 mcwithin_1 80.552415369342

rmse             0.921548
mcrmse           1.067730
pearson          0.692440
within_0.5      49.753695
within_1        89.835796
mcwithin_0.5    37.397996
mcwithin_1      80.004559
dtype: float64

CEFR
fluency {'rmse': 0.9215482623991801, 'mcrmse': 1.0677295214442017, 'pearson': 0.6924396259396646, 'within_0.5': 49.7536945812808, 'within_1': 89.83579638752053, 'mcwithin_0.5': 37.397996407006815, 'mcwithin_1': 80.00455858521144}
rmse             0.921548
mcrmse           1.067730
pearson          0.692440
within_0.5      49.753695
within_1        89.835796
mcwithin_0.5    37.397996
mcwithin_1      80.004559
dtype: float64
